{"/Users/hafidhfinandry/Documents/phase03/week4/SERVER-SIDE/app.js": {"path":"/Users/hafidhfinandry/Documents/phase03/week4/SERVER-SIDE/app.js","statementMap":{"0":{"start":{"line":1,"column":0},"end":{"line":1,"column":26}},"1":{"start":{"line":2,"column":16},"end":{"line":2,"column":34}},"2":{"start":{"line":3,"column":12},"end":{"line":3,"column":21}},"3":{"start":{"line":4,"column":13},"end":{"line":4,"column":28}},"4":{"start":{"line":5,"column":17},"end":{"line":5,"column":36}},"5":{"start":{"line":6,"column":15},"end":{"line":6,"column":34}},"6":{"start":{"line":8,"column":0},"end":{"line":8,"column":124}},"7":{"start":{"line":10,"column":0},"end":{"line":10,"column":15}},"8":{"start":{"line":11,"column":0},"end":{"line":11,"column":44}},"9":{"start":{"line":12,"column":0},"end":{"line":12,"column":23}},"10":{"start":{"line":13,"column":0},"end":{"line":13,"column":15}},"11":{"start":{"line":15,"column":0},"end":{"line":15,"column":20}}},"fnMap":{},"branchMap":{},"s":{"0":2,"1":2,"2":2,"3":2,"4":2,"5":2,"6":2,"7":2,"8":2,"9":2,"10":2,"11":2},"f":{},"b":{},"_coverageSchema":"1a1c01bbd47fc00a2c39e90264f33305004495a9","hash":"cd245a9cf00941bbd009aec88347c0d3cc69ea39"}
,"/Users/hafidhfinandry/Documents/phase03/week4/SERVER-SIDE/controller/dialogflowController.js": {"path":"/Users/hafidhfinandry/Documents/phase03/week4/SERVER-SIDE/controller/dialogflowController.js","statementMap":{"0":{"start":{"line":1,"column":19},"end":{"line":1,"column":40}},"1":{"start":{"line":2,"column":20},"end":{"line":2,"column":55}},"2":{"start":{"line":3,"column":18},"end":{"line":3,"column":40}},"3":{"start":{"line":4,"column":18},"end":{"line":4,"column":40}},"4":{"start":{"line":5,"column":21},"end":{"line":5,"column":46}},"5":{"start":{"line":6,"column":22},"end":{"line":6,"column":53}},"6":{"start":{"line":7,"column":20},"end":{"line":7,"column":67}},"7":{"start":{"line":8,"column":22},"end":{"line":8,"column":55}},"8":{"start":{"line":9,"column":22},"end":{"line":9,"column":53}},"9":{"start":{"line":10,"column":32},"end":{"line":10,"column":69}},"10":{"start":{"line":11,"column":14},"end":{"line":11,"column":30}},"11":{"start":{"line":15,"column":4},"end":{"line":56,"column":5}},"12":{"start":{"line":16,"column":23},"end":{"line":16,"column":31}},"13":{"start":{"line":18,"column":22},"end":{"line":26,"column":7}},"14":{"start":{"line":28,"column":24},"end":{"line":28,"column":65}},"15":{"start":{"line":29,"column":21},"end":{"line":29,"column":45}},"16":{"start":{"line":30,"column":29},"end":{"line":32,"column":8}},"17":{"start":{"line":60,"column":4},"end":{"line":116,"column":5}},"18":{"start":{"line":67,"column":10},"end":{"line":67,"column":18}},"19":{"start":{"line":69,"column":24},"end":{"line":69,"column":71}},"20":{"start":{"line":71,"column":30},"end":{"line":71,"column":32}},"21":{"start":{"line":73,"column":6},"end":{"line":84,"column":8}},"22":{"start":{"line":74,"column":21},"end":{"line":76,"column":9}},"23":{"start":{"line":78,"column":31},"end":{"line":81,"column":9}},"24":{"start":{"line":83,"column":8},"end":{"line":83,"column":44}},"25":{"start":{"line":86,"column":26},"end":{"line":88,"column":7}},"26":{"start":{"line":90,"column":22},"end":{"line":92,"column":7}},"27":{"start":{"line":94,"column":21},"end":{"line":98,"column":7}},"28":{"start":{"line":100,"column":34},"end":{"line":103,"column":7}},"29":{"start":{"line":105,"column":25},"end":{"line":105,"column":78}},"30":{"start":{"line":107,"column":6},"end":{"line":109,"column":7}},"31":{"start":{"line":108,"column":8},"end":{"line":108,"column":57}},"32":{"start":{"line":111,"column":6},"end":{"line":111,"column":52}},"33":{"start":{"line":112,"column":6},"end":{"line":112,"column":36}},"34":{"start":{"line":120,"column":4},"end":{"line":152,"column":5}},"35":{"start":{"line":121,"column":31},"end":{"line":121,"column":78}},"36":{"start":{"line":123,"column":22},"end":{"line":125,"column":7}},"37":{"start":{"line":127,"column":25},"end":{"line":127,"column":65}},"38":{"start":{"line":128,"column":6},"end":{"line":147,"column":8}},"39":{"start":{"line":129,"column":8},"end":{"line":129,"column":43}},"40":{"start":{"line":130,"column":8},"end":{"line":130,"column":50}},"41":{"start":{"line":131,"column":8},"end":{"line":131,"column":65}},"42":{"start":{"line":132,"column":8},"end":{"line":132,"column":47}},"43":{"start":{"line":133,"column":8},"end":{"line":133,"column":76}},"44":{"start":{"line":134,"column":8},"end":{"line":136,"column":9}},"45":{"start":{"line":138,"column":8},"end":{"line":138,"column":38}},"46":{"start":{"line":139,"column":8},"end":{"line":141,"column":10}},"47":{"start":{"line":140,"column":10},"end":{"line":140,"column":52}},"48":{"start":{"line":143,"column":8},"end":{"line":143,"column":39}},"49":{"start":{"line":144,"column":8},"end":{"line":146,"column":10}},"50":{"start":{"line":145,"column":10},"end":{"line":145,"column":54}},"51":{"start":{"line":148,"column":6},"end":{"line":148,"column":36}},"52":{"start":{"line":156,"column":4},"end":{"line":166,"column":5}},"53":{"start":{"line":157,"column":17},"end":{"line":157,"column":30}},"54":{"start":{"line":158,"column":25},"end":{"line":158,"column":77}},"55":{"start":{"line":159,"column":22},"end":{"line":159,"column":42}},"56":{"start":{"line":160,"column":21},"end":{"line":160,"column":62}},"57":{"start":{"line":161,"column":6},"end":{"line":161,"column":49}},"58":{"start":{"line":162,"column":6},"end":{"line":162,"column":58}},"59":{"start":{"line":170,"column":0},"end":{"line":170,"column":40}}},"fnMap":{"0":{"name":"(anonymous_0)","decl":{"start":{"line":14,"column":2},"end":{"line":14,"column":3}},"loc":{"start":{"line":14,"column":42},"end":{"line":57,"column":3}},"line":14},"1":{"name":"(anonymous_1)","decl":{"start":{"line":59,"column":2},"end":{"line":59,"column":3}},"loc":{"start":{"line":59,"column":41},"end":{"line":117,"column":3}},"line":59},"2":{"name":"(anonymous_2)","decl":{"start":{"line":73,"column":35},"end":{"line":73,"column":36}},"loc":{"start":{"line":73,"column":48},"end":{"line":84,"column":7}},"line":73},"3":{"name":"(anonymous_3)","decl":{"start":{"line":119,"column":2},"end":{"line":119,"column":3}},"loc":{"start":{"line":119,"column":39},"end":{"line":153,"column":3}},"line":119},"4":{"name":"(anonymous_4)","decl":{"start":{"line":128,"column":23},"end":{"line":128,"column":24}},"loc":{"start":{"line":128,"column":35},"end":{"line":147,"column":7}},"line":128},"5":{"name":"(anonymous_5)","decl":{"start":{"line":139,"column":41},"end":{"line":139,"column":42}},"loc":{"start":{"line":139,"column":63},"end":{"line":141,"column":9}},"line":139},"6":{"name":"(anonymous_6)","decl":{"start":{"line":144,"column":38},"end":{"line":144,"column":39}},"loc":{"start":{"line":144,"column":57},"end":{"line":146,"column":9}},"line":144},"7":{"name":"(anonymous_7)","decl":{"start":{"line":155,"column":2},"end":{"line":155,"column":3}},"loc":{"start":{"line":155,"column":38},"end":{"line":167,"column":3}},"line":155}},"branchMap":{"0":{"loc":{"start":{"line":107,"column":6},"end":{"line":109,"column":7}},"type":"if","locations":[{"start":{"line":107,"column":6},"end":{"line":109,"column":7}},{"start":{"line":107,"column":6},"end":{"line":109,"column":7}}],"line":107},"1":{"loc":{"start":{"line":107,"column":10},"end":{"line":107,"column":26}},"type":"binary-expr","locations":[{"start":{"line":107,"column":10},"end":{"line":107,"column":15}},{"start":{"line":107,"column":19},"end":{"line":107,"column":26}}],"line":107}},"s":{"0":2,"1":2,"2":2,"3":2,"4":2,"5":2,"6":2,"7":2,"8":2,"9":2,"10":2,"11":2,"12":2,"13":2,"14":2,"15":1,"16":1,"17":1,"18":1,"19":1,"20":1,"21":1,"22":4,"23":4,"24":4,"25":1,"26":1,"27":1,"28":1,"29":1,"30":1,"31":1,"32":1,"33":1,"34":1,"35":1,"36":1,"37":1,"38":1,"39":23,"40":23,"41":23,"42":23,"43":23,"44":23,"45":23,"46":23,"47":2,"48":23,"49":23,"50":1,"51":1,"52":1,"53":1,"54":1,"55":1,"56":1,"57":1,"58":1,"59":2},"f":{"0":2,"1":1,"2":4,"3":1,"4":23,"5":2,"6":1,"7":1},"b":{"0":[1,0],"1":[1,0]},"_coverageSchema":"1a1c01bbd47fc00a2c39e90264f33305004495a9","hash":"870079ac21b9f4abbdd7c88f8e86a8fbb25d0123"}
,"/Users/hafidhfinandry/Documents/phase03/week4/SERVER-SIDE/controller/userController.js": {"path":"/Users/hafidhfinandry/Documents/phase03/week4/SERVER-SIDE/controller/userController.js","statementMap":{"0":{"start":{"line":1,"column":13},"end":{"line":1,"column":37}},"1":{"start":{"line":2,"column":28},"end":{"line":2,"column":55}},"2":{"start":{"line":3,"column":26},"end":{"line":3,"column":50}},"3":{"start":{"line":4,"column":26},"end":{"line":4,"column":58}},"4":{"start":{"line":8,"column":33},"end":{"line":8,"column":41}},"5":{"start":{"line":9,"column":4},"end":{"line":38,"column":5}},"6":{"start":{"line":10,"column":17},"end":{"line":10,"column":49}},"7":{"start":{"line":11,"column":6},"end":{"line":13,"column":7}},"8":{"start":{"line":12,"column":8},"end":{"line":12,"column":54}},"9":{"start":{"line":14,"column":6},"end":{"line":16,"column":7}},"10":{"start":{"line":15,"column":8},"end":{"line":15,"column":40}},"11":{"start":{"line":17,"column":27},"end":{"line":17,"column":31}},"12":{"start":{"line":18,"column":6},"end":{"line":30,"column":7}},"13":{"start":{"line":19,"column":27},"end":{"line":23,"column":10}},"14":{"start":{"line":24,"column":8},"end":{"line":27,"column":10}},"15":{"start":{"line":29,"column":8},"end":{"line":29,"column":61}},"16":{"start":{"line":32,"column":6},"end":{"line":37,"column":7}},"17":{"start":{"line":33,"column":8},"end":{"line":33,"column":60}},"18":{"start":{"line":42,"column":57},"end":{"line":42,"column":65}},"19":{"start":{"line":43,"column":4},"end":{"line":101,"column":5}},"20":{"start":{"line":44,"column":19},"end":{"line":49,"column":8}},"21":{"start":{"line":50,"column":6},"end":{"line":52,"column":7}},"22":{"start":{"line":51,"column":8},"end":{"line":51,"column":41}},"23":{"start":{"line":53,"column":22},"end":{"line":53,"column":39}},"24":{"start":{"line":54,"column":25},"end":{"line":58,"column":8}},"25":{"start":{"line":59,"column":6},"end":{"line":62,"column":10}},"26":{"start":{"line":64,"column":6},"end":{"line":100,"column":7}},"27":{"start":{"line":65,"column":8},"end":{"line":69,"column":9}},"28":{"start":{"line":66,"column":10},"end":{"line":66,"column":65}},"29":{"start":{"line":67,"column":15},"end":{"line":69,"column":9}},"30":{"start":{"line":68,"column":10},"end":{"line":68,"column":68}},"31":{"start":{"line":70,"column":13},"end":{"line":100,"column":7}},"32":{"start":{"line":71,"column":8},"end":{"line":94,"column":9}},"33":{"start":{"line":72,"column":26},"end":{"line":72,"column":63}},"34":{"start":{"line":73,"column":10},"end":{"line":75,"column":11}},"35":{"start":{"line":74,"column":12},"end":{"line":74,"column":70}},"36":{"start":{"line":76,"column":10},"end":{"line":80,"column":11}},"37":{"start":{"line":77,"column":12},"end":{"line":79,"column":71}},"38":{"start":{"line":81,"column":15},"end":{"line":94,"column":9}},"39":{"start":{"line":82,"column":26},"end":{"line":82,"column":55}},"40":{"start":{"line":83,"column":10},"end":{"line":85,"column":11}},"41":{"start":{"line":84,"column":12},"end":{"line":84,"column":70}},"42":{"start":{"line":86,"column":10},"end":{"line":88,"column":11}},"43":{"start":{"line":87,"column":12},"end":{"line":87,"column":60}},"44":{"start":{"line":89,"column":15},"end":{"line":94,"column":9}},"45":{"start":{"line":90,"column":26},"end":{"line":90,"column":63}},"46":{"start":{"line":91,"column":10},"end":{"line":93,"column":11}},"47":{"start":{"line":92,"column":12},"end":{"line":92,"column":70}},"48":{"start":{"line":95,"column":13},"end":{"line":100,"column":7}},"49":{"start":{"line":96,"column":8},"end":{"line":96,"column":54}},"50":{"start":{"line":106,"column":27},"end":{"line":106,"column":38}},"51":{"start":{"line":148,"column":0},"end":{"line":148,"column":31}}},"fnMap":{"0":{"name":"(anonymous_0)","decl":{"start":{"line":7,"column":2},"end":{"line":7,"column":3}},"loc":{"start":{"line":7,"column":31},"end":{"line":39,"column":3}},"line":7},"1":{"name":"(anonymous_1)","decl":{"start":{"line":41,"column":2},"end":{"line":41,"column":3}},"loc":{"start":{"line":41,"column":34},"end":{"line":102,"column":3}},"line":41},"2":{"name":"(anonymous_2)","decl":{"start":{"line":104,"column":2},"end":{"line":104,"column":3}},"loc":{"start":{"line":104,"column":37},"end":{"line":145,"column":3}},"line":104}},"branchMap":{"0":{"loc":{"start":{"line":11,"column":6},"end":{"line":13,"column":7}},"type":"if","locations":[{"start":{"line":11,"column":6},"end":{"line":13,"column":7}},{"start":{"line":11,"column":6},"end":{"line":13,"column":7}}],"line":11},"1":{"loc":{"start":{"line":14,"column":6},"end":{"line":16,"column":7}},"type":"if","locations":[{"start":{"line":14,"column":6},"end":{"line":16,"column":7}},{"start":{"line":14,"column":6},"end":{"line":16,"column":7}}],"line":14},"2":{"loc":{"start":{"line":18,"column":6},"end":{"line":30,"column":7}},"type":"if","locations":[{"start":{"line":18,"column":6},"end":{"line":30,"column":7}},{"start":{"line":18,"column":6},"end":{"line":30,"column":7}}],"line":18},"3":{"loc":{"start":{"line":32,"column":6},"end":{"line":37,"column":7}},"type":"if","locations":[{"start":{"line":32,"column":6},"end":{"line":37,"column":7}},{"start":{"line":32,"column":6},"end":{"line":37,"column":7}}],"line":32},"4":{"loc":{"start":{"line":50,"column":6},"end":{"line":52,"column":7}},"type":"if","locations":[{"start":{"line":50,"column":6},"end":{"line":52,"column":7}},{"start":{"line":50,"column":6},"end":{"line":52,"column":7}}],"line":50},"5":{"loc":{"start":{"line":64,"column":6},"end":{"line":100,"column":7}},"type":"if","locations":[{"start":{"line":64,"column":6},"end":{"line":100,"column":7}},{"start":{"line":64,"column":6},"end":{"line":100,"column":7}}],"line":64},"6":{"loc":{"start":{"line":65,"column":8},"end":{"line":69,"column":9}},"type":"if","locations":[{"start":{"line":65,"column":8},"end":{"line":69,"column":9}},{"start":{"line":65,"column":8},"end":{"line":69,"column":9}}],"line":65},"7":{"loc":{"start":{"line":67,"column":15},"end":{"line":69,"column":9}},"type":"if","locations":[{"start":{"line":67,"column":15},"end":{"line":69,"column":9}},{"start":{"line":67,"column":15},"end":{"line":69,"column":9}}],"line":67},"8":{"loc":{"start":{"line":70,"column":13},"end":{"line":100,"column":7}},"type":"if","locations":[{"start":{"line":70,"column":13},"end":{"line":100,"column":7}},{"start":{"line":70,"column":13},"end":{"line":100,"column":7}}],"line":70},"9":{"loc":{"start":{"line":71,"column":8},"end":{"line":94,"column":9}},"type":"if","locations":[{"start":{"line":71,"column":8},"end":{"line":94,"column":9}},{"start":{"line":71,"column":8},"end":{"line":94,"column":9}}],"line":71},"10":{"loc":{"start":{"line":73,"column":10},"end":{"line":75,"column":11}},"type":"if","locations":[{"start":{"line":73,"column":10},"end":{"line":75,"column":11}},{"start":{"line":73,"column":10},"end":{"line":75,"column":11}}],"line":73},"11":{"loc":{"start":{"line":76,"column":10},"end":{"line":80,"column":11}},"type":"if","locations":[{"start":{"line":76,"column":10},"end":{"line":80,"column":11}},{"start":{"line":76,"column":10},"end":{"line":80,"column":11}}],"line":76},"12":{"loc":{"start":{"line":81,"column":15},"end":{"line":94,"column":9}},"type":"if","locations":[{"start":{"line":81,"column":15},"end":{"line":94,"column":9}},{"start":{"line":81,"column":15},"end":{"line":94,"column":9}}],"line":81},"13":{"loc":{"start":{"line":83,"column":10},"end":{"line":85,"column":11}},"type":"if","locations":[{"start":{"line":83,"column":10},"end":{"line":85,"column":11}},{"start":{"line":83,"column":10},"end":{"line":85,"column":11}}],"line":83},"14":{"loc":{"start":{"line":86,"column":10},"end":{"line":88,"column":11}},"type":"if","locations":[{"start":{"line":86,"column":10},"end":{"line":88,"column":11}},{"start":{"line":86,"column":10},"end":{"line":88,"column":11}}],"line":86},"15":{"loc":{"start":{"line":89,"column":15},"end":{"line":94,"column":9}},"type":"if","locations":[{"start":{"line":89,"column":15},"end":{"line":94,"column":9}},{"start":{"line":89,"column":15},"end":{"line":94,"column":9}}],"line":89},"16":{"loc":{"start":{"line":91,"column":10},"end":{"line":93,"column":11}},"type":"if","locations":[{"start":{"line":91,"column":10},"end":{"line":93,"column":11}},{"start":{"line":91,"column":10},"end":{"line":93,"column":11}}],"line":91},"17":{"loc":{"start":{"line":95,"column":13},"end":{"line":100,"column":7}},"type":"if","locations":[{"start":{"line":95,"column":13},"end":{"line":100,"column":7}},{"start":{"line":95,"column":13},"end":{"line":100,"column":7}}],"line":95}},"s":{"0":2,"1":2,"2":2,"3":2,"4":3,"5":3,"6":3,"7":3,"8":1,"9":3,"10":1,"11":2,"12":2,"13":1,"14":1,"15":1,"16":1,"17":1,"18":10,"19":10,"20":10,"21":10,"22":1,"23":9,"24":2,"25":2,"26":8,"27":2,"28":1,"29":1,"30":1,"31":6,"32":5,"33":2,"34":2,"35":1,"36":2,"37":1,"38":3,"39":2,"40":2,"41":1,"42":2,"43":1,"44":1,"45":1,"46":1,"47":1,"48":1,"49":1,"50":0,"51":2},"f":{"0":3,"1":10,"2":0},"b":{"0":[1,2],"1":[1,2],"2":[1,1],"3":[1,0],"4":[1,9],"5":[2,6],"6":[1,1],"7":[1,0],"8":[5,1],"9":[2,3],"10":[1,1],"11":[1,1],"12":[2,1],"13":[1,1],"14":[1,1],"15":[1,0],"16":[1,0],"17":[1,0]},"_coverageSchema":"1a1c01bbd47fc00a2c39e90264f33305004495a9","hash":"b0664464d39a6b4e732c76262ed1be25b808b220"}
,"/Users/hafidhfinandry/Documents/phase03/week4/SERVER-SIDE/helper/bcrypt.js": {"path":"/Users/hafidhfinandry/Documents/phase03/week4/SERVER-SIDE/helper/bcrypt.js","statementMap":{"0":{"start":{"line":1,"column":13},"end":{"line":1,"column":32}},"1":{"start":{"line":4,"column":15},"end":{"line":4,"column":37}},"2":{"start":{"line":5,"column":15},"end":{"line":5,"column":46}},"3":{"start":{"line":6,"column":4},"end":{"line":6,"column":15}},"4":{"start":{"line":10,"column":4},"end":{"line":10,"column":46}},"5":{"start":{"line":13,"column":0},"end":{"line":13,"column":52}}},"fnMap":{"0":{"name":"generatePassword","decl":{"start":{"line":3,"column":9},"end":{"line":3,"column":25}},"loc":{"start":{"line":3,"column":35},"end":{"line":7,"column":1}},"line":3},"1":{"name":"comparePassword","decl":{"start":{"line":9,"column":9},"end":{"line":9,"column":24}},"loc":{"start":{"line":9,"column":40},"end":{"line":11,"column":1}},"line":9}},"branchMap":{},"s":{"0":2,"1":4,"2":4,"3":4,"4":2,"5":2},"f":{"0":4,"1":2},"b":{},"_coverageSchema":"1a1c01bbd47fc00a2c39e90264f33305004495a9","hash":"2a389c95c06bbf77ab75e67fa6611e2dfb7cf896"}
,"/Users/hafidhfinandry/Documents/phase03/week4/SERVER-SIDE/helper/googleOauth.js": {"path":"/Users/hafidhfinandry/Documents/phase03/week4/SERVER-SIDE/helper/googleOauth.js","statementMap":{"0":{"start":{"line":19,"column":0},"end":{"line":19,"column":34}}},"fnMap":{},"branchMap":{},"s":{"0":2},"f":{},"b":{},"_coverageSchema":"1a1c01bbd47fc00a2c39e90264f33305004495a9","hash":"02d481fef40f3803189301a0ccc00fd1a52adbf4"}
,"/Users/hafidhfinandry/Documents/phase03/week4/SERVER-SIDE/helper/insertToDatabase.js": {"path":"/Users/hafidhfinandry/Documents/phase03/week4/SERVER-SIDE/helper/insertToDatabase.js","statementMap":{"0":{"start":{"line":1,"column":22},"end":{"line":1,"column":55}},"1":{"start":{"line":3,"column":0},"end":{"line":44,"column":1}},"2":{"start":{"line":5,"column":4},"end":{"line":5,"column":49}},"3":{"start":{"line":6,"column":4},"end":{"line":42,"column":5}},"4":{"start":{"line":7,"column":6},"end":{"line":41,"column":7}},"5":{"start":{"line":8,"column":8},"end":{"line":8,"column":39}},"6":{"start":{"line":9,"column":24},"end":{"line":21,"column":9}},"7":{"start":{"line":23,"column":30},"end":{"line":23,"column":56}},"8":{"start":{"line":24,"column":33},"end":{"line":24,"column":59}},"9":{"start":{"line":25,"column":8},"end":{"line":25,"column":37}}},"fnMap":{"0":{"name":"(anonymous_0)","decl":{"start":{"line":4,"column":23},"end":{"line":4,"column":24}},"loc":{"start":{"line":4,"column":63},"end":{"line":43,"column":3}},"line":4}},"branchMap":{"0":{"loc":{"start":{"line":6,"column":4},"end":{"line":42,"column":5}},"type":"if","locations":[{"start":{"line":6,"column":4},"end":{"line":42,"column":5}},{"start":{"line":6,"column":4},"end":{"line":42,"column":5}}],"line":6},"1":{"loc":{"start":{"line":7,"column":6},"end":{"line":41,"column":7}},"type":"if","locations":[{"start":{"line":7,"column":6},"end":{"line":41,"column":7}},{"start":{"line":7,"column":6},"end":{"line":41,"column":7}}],"line":7}},"s":{"0":2,"1":2,"2":1,"3":1,"4":1,"5":1,"6":1,"7":1,"8":1,"9":1},"f":{"0":1},"b":{"0":[1,0],"1":[1,0]},"_coverageSchema":"1a1c01bbd47fc00a2c39e90264f33305004495a9","hash":"104458098a6e17d4d0e4553e8423406c1d35bac1"}
,"/Users/hafidhfinandry/Documents/phase03/week4/SERVER-SIDE/helper/jwt.js": {"path":"/Users/hafidhfinandry/Documents/phase03/week4/SERVER-SIDE/helper/jwt.js","statementMap":{"0":{"start":{"line":1,"column":10},"end":{"line":1,"column":33}},"1":{"start":{"line":4,"column":4},"end":{"line":4,"column":49}},"2":{"start":{"line":8,"column":4},"end":{"line":8,"column":49}},"3":{"start":{"line":11,"column":0},"end":{"line":11,"column":45}}},"fnMap":{"0":{"name":"generateToken","decl":{"start":{"line":3,"column":9},"end":{"line":3,"column":22}},"loc":{"start":{"line":3,"column":31},"end":{"line":5,"column":1}},"line":3},"1":{"name":"verifyToken","decl":{"start":{"line":7,"column":9},"end":{"line":7,"column":20}},"loc":{"start":{"line":7,"column":27},"end":{"line":9,"column":1}},"line":7}},"branchMap":{},"s":{"0":2,"1":3,"2":6,"3":2},"f":{"0":3,"1":6},"b":{},"_coverageSchema":"1a1c01bbd47fc00a2c39e90264f33305004495a9","hash":"e0781aefb84f296798fbbe1f640ebea29b72de91"}
,"/Users/hafidhfinandry/Documents/phase03/week4/SERVER-SIDE/middlewares/AuthoAuthen.js": {"path":"/Users/hafidhfinandry/Documents/phase03/week4/SERVER-SIDE/middlewares/AuthoAuthen.js","statementMap":{"0":{"start":{"line":1,"column":13},"end":{"line":1,"column":37}},"1":{"start":{"line":2,"column":24},"end":{"line":2,"column":48}},"2":{"start":{"line":9,"column":22},"end":{"line":9,"column":33}},"3":{"start":{"line":10,"column":4},"end":{"line":22,"column":5}},"4":{"start":{"line":11,"column":21},"end":{"line":11,"column":39}},"5":{"start":{"line":12,"column":22},"end":{"line":12,"column":28}},"6":{"start":{"line":13,"column":6},"end":{"line":16,"column":8}},"7":{"start":{"line":14,"column":8},"end":{"line":14,"column":29}},"8":{"start":{"line":15,"column":8},"end":{"line":15,"column":14}},"9":{"start":{"line":26,"column":0},"end":{"line":26,"column":28}}},"fnMap":{"0":{"name":"(anonymous_0)","decl":{"start":{"line":8,"column":2},"end":{"line":8,"column":3}},"loc":{"start":{"line":8,"column":40},"end":{"line":23,"column":3}},"line":8},"1":{"name":"(anonymous_1)","decl":{"start":{"line":13,"column":30},"end":{"line":13,"column":31}},"loc":{"start":{"line":13,"column":40},"end":{"line":16,"column":7}},"line":13}},"branchMap":{},"s":{"0":2,"1":2,"2":6,"3":6,"4":6,"5":5,"6":5,"7":5,"8":5,"9":2},"f":{"0":6,"1":5},"b":{},"_coverageSchema":"1a1c01bbd47fc00a2c39e90264f33305004495a9","hash":"743048bff10d840997f87e2ad90625559b445845"}
,"/Users/hafidhfinandry/Documents/phase03/week4/SERVER-SIDE/model/Documentation.js": {"path":"/Users/hafidhfinandry/Documents/phase03/week4/SERVER-SIDE/model/Documentation.js","statementMap":{"0":{"start":{"line":1,"column":17},"end":{"line":1,"column":36}},"1":{"start":{"line":3,"column":28},"end":{"line":12,"column":2}},"2":{"start":{"line":14,"column":0},"end":{"line":14,"column":69}}},"fnMap":{},"branchMap":{},"s":{"0":2,"1":2,"2":2},"f":{},"b":{},"_coverageSchema":"1a1c01bbd47fc00a2c39e90264f33305004495a9","hash":"2b60b35fb8cae4dd095a2661e724324b546e1671"}
,"/Users/hafidhfinandry/Documents/phase03/week4/SERVER-SIDE/model/User.js": {"path":"/Users/hafidhfinandry/Documents/phase03/week4/SERVER-SIDE/model/User.js","statementMap":{"0":{"start":{"line":1,"column":17},"end":{"line":1,"column":36}},"1":{"start":{"line":2,"column":27},"end":{"line":2,"column":54}},"2":{"start":{"line":3,"column":18},"end":{"line":3,"column":38}},"3":{"start":{"line":5,"column":19},"end":{"line":26,"column":2}},"4":{"start":{"line":28,"column":0},"end":{"line":32,"column":2}},"5":{"start":{"line":29,"column":15},"end":{"line":29,"column":19}},"6":{"start":{"line":30,"column":4},"end":{"line":30,"column":51}},"7":{"start":{"line":31,"column":4},"end":{"line":31,"column":10}},"8":{"start":{"line":34,"column":13},"end":{"line":34,"column":48}},"9":{"start":{"line":36,"column":0},"end":{"line":36,"column":21}}},"fnMap":{"0":{"name":"(anonymous_0)","decl":{"start":{"line":28,"column":23},"end":{"line":28,"column":24}},"loc":{"start":{"line":28,"column":37},"end":{"line":32,"column":1}},"line":28}},"branchMap":{},"s":{"0":2,"1":2,"2":2,"3":2,"4":2,"5":4,"6":4,"7":4,"8":2,"9":2},"f":{"0":4},"b":{},"_coverageSchema":"1a1c01bbd47fc00a2c39e90264f33305004495a9","hash":"52b95f4005575bd8b3cf51f0aec1c18ffb7bf266"}
,"/Users/hafidhfinandry/Documents/phase03/week4/SERVER-SIDE/router/dialogflow.js": {"path":"/Users/hafidhfinandry/Documents/phase03/week4/SERVER-SIDE/router/dialogflow.js","statementMap":{"0":{"start":{"line":1,"column":16},"end":{"line":1,"column":34}},"1":{"start":{"line":2,"column":15},"end":{"line":2,"column":31}},"2":{"start":{"line":3,"column":29},"end":{"line":3,"column":74}},"3":{"start":{"line":4,"column":20},"end":{"line":4,"column":57}},"4":{"start":{"line":6,"column":0},"end":{"line":6,"column":38}},"5":{"start":{"line":7,"column":0},"end":{"line":7,"column":55}},"6":{"start":{"line":8,"column":0},"end":{"line":8,"column":61}},"7":{"start":{"line":9,"column":0},"end":{"line":9,"column":58}},"8":{"start":{"line":10,"column":0},"end":{"line":10,"column":64}},"9":{"start":{"line":11,"column":0},"end":{"line":11,"column":23}}},"fnMap":{},"branchMap":{},"s":{"0":2,"1":2,"2":2,"3":2,"4":2,"5":2,"6":2,"7":2,"8":2,"9":2},"f":{},"b":{},"_coverageSchema":"1a1c01bbd47fc00a2c39e90264f33305004495a9","hash":"57da8123d864e3bf097222a2ef3ffa585428b247"}
,"/Users/hafidhfinandry/Documents/phase03/week4/SERVER-SIDE/router/index.js": {"path":"/Users/hafidhfinandry/Documents/phase03/week4/SERVER-SIDE/router/index.js","statementMap":{"0":{"start":{"line":1,"column":15},"end":{"line":1,"column":42}},"1":{"start":{"line":2,"column":19},"end":{"line":2,"column":36}},"2":{"start":{"line":3,"column":25},"end":{"line":3,"column":48}},"3":{"start":{"line":5,"column":0},"end":{"line":5,"column":27}},"4":{"start":{"line":6,"column":0},"end":{"line":6,"column":43}},"5":{"start":{"line":8,"column":0},"end":{"line":8,"column":23}}},"fnMap":{},"branchMap":{},"s":{"0":2,"1":2,"2":2,"3":2,"4":2,"5":2},"f":{},"b":{},"_coverageSchema":"1a1c01bbd47fc00a2c39e90264f33305004495a9","hash":"e16573ea918f0e7bd824e35229a6dd7641fad352"}
,"/Users/hafidhfinandry/Documents/phase03/week4/SERVER-SIDE/router/user.js": {"path":"/Users/hafidhfinandry/Documents/phase03/week4/SERVER-SIDE/router/user.js","statementMap":{"0":{"start":{"line":1,"column":15},"end":{"line":1,"column":42}},"1":{"start":{"line":2,"column":23},"end":{"line":2,"column":62}},"2":{"start":{"line":4,"column":0},"end":{"line":4,"column":43}},"3":{"start":{"line":5,"column":0},"end":{"line":5,"column":49}},"4":{"start":{"line":6,"column":0},"end":{"line":6,"column":55}},"5":{"start":{"line":8,"column":0},"end":{"line":8,"column":23}}},"fnMap":{},"branchMap":{},"s":{"0":2,"1":2,"2":2,"3":2,"4":2,"5":2},"f":{},"b":{},"_coverageSchema":"1a1c01bbd47fc00a2c39e90264f33305004495a9","hash":"d97ae2a4ee819f926c318284e02f14d511ec5d87"}
}
