TN:
SF:app.js
FNF:0
FNH:0
DA:1,2
DA:2,2
DA:3,2
DA:4,2
DA:5,2
DA:6,2
DA:8,2
DA:10,2
DA:11,2
DA:12,2
DA:13,2
DA:15,2
LF:12
LH:12
BRF:0
BRH:0
end_of_record
TN:
SF:controller\dialogflowController.js
FN:12,(anonymous_0)
FN:42,(anonymous_1)
FN:56,(anonymous_2)
FN:96,(anonymous_3)
FN:105,(anonymous_4)
FN:116,(anonymous_5)
FN:121,(anonymous_6)
FNF:7
FNH:1
FNDA:2,(anonymous_0)
FNDA:0,(anonymous_1)
FNDA:0,(anonymous_2)
FNDA:0,(anonymous_3)
FNDA:0,(anonymous_4)
FNDA:0,(anonymous_5)
FNDA:0,(anonymous_6)
DA:1,2
DA:2,2
DA:3,2
DA:4,2
DA:5,2
DA:6,2
DA:7,2
DA:8,2
DA:9,2
DA:13,2
DA:14,2
DA:16,2
DA:26,2
DA:27,1
DA:28,1
DA:31,1
DA:32,0
DA:34,1
DA:35,1
DA:38,1
DA:43,0
DA:44,0
DA:45,0
DA:51,0
DA:53,0
DA:54,0
DA:56,0
DA:57,0
DA:61,0
DA:66,0
DA:69,0
DA:73,0
DA:77,0
DA:83,0
DA:88,0
DA:89,0
DA:90,0
DA:92,0
DA:97,0
DA:98,0
DA:100,0
DA:104,0
DA:105,0
DA:106,0
DA:107,0
DA:108,0
DA:109,0
DA:110,0
DA:111,0
DA:115,0
DA:116,0
DA:117,0
DA:120,0
DA:121,0
DA:122,0
DA:126,0
DA:128,0
DA:133,2
LF:58
LH:20
BRDA:31,0,0,0
BRDA:31,0,1,1
BRF:2
BRH:1
end_of_record
TN:
SF:controller\userController.js
FN:7,(anonymous_0)
FN:40,(anonymous_1)
FNF:2
FNH:2
FNDA:3,(anonymous_0)
FNDA:10,(anonymous_1)
DA:1,2
DA:2,2
DA:3,2
DA:4,2
DA:8,3
DA:9,3
DA:10,3
DA:11,3
DA:12,1
DA:14,3
DA:15,1
DA:17,2
DA:18,2
DA:19,1
DA:24,1
DA:29,1
DA:32,1
DA:33,1
DA:35,0
DA:41,10
DA:42,10
DA:43,10
DA:49,10
DA:50,1
DA:52,9
DA:53,2
DA:58,2
DA:63,8
DA:64,2
DA:65,1
DA:66,1
DA:67,1
DA:69,6
DA:70,5
DA:71,2
DA:72,2
DA:73,1
DA:75,2
DA:76,1
DA:80,3
DA:81,2
DA:82,2
DA:83,1
DA:85,2
DA:86,1
DA:88,1
DA:89,1
DA:90,1
DA:91,1
DA:94,1
DA:95,1
DA:97,0
DA:144,2
LF:53
LH:51
BRDA:11,0,0,1
BRDA:11,0,1,2
BRDA:14,1,0,1
BRDA:14,1,1,2
BRDA:18,2,0,1
BRDA:18,2,1,1
BRDA:32,3,0,1
BRDA:32,3,1,0
BRDA:49,4,0,1
BRDA:49,4,1,9
BRDA:63,5,0,2
BRDA:63,5,1,6
BRDA:64,6,0,1
BRDA:64,6,1,1
BRDA:66,7,0,1
BRDA:66,7,1,0
BRDA:69,8,0,5
BRDA:69,8,1,1
BRDA:70,9,0,2
BRDA:70,9,1,3
BRDA:72,10,0,1
BRDA:72,10,1,1
BRDA:75,11,0,1
BRDA:75,11,1,1
BRDA:80,12,0,2
BRDA:80,12,1,1
BRDA:82,13,0,1
BRDA:82,13,1,1
BRDA:85,14,0,1
BRDA:85,14,1,1
BRDA:88,15,0,1
BRDA:88,15,1,0
BRDA:90,16,0,1
BRDA:90,16,1,0
BRDA:94,17,0,1
BRDA:94,17,1,0
BRF:36
BRH:31
end_of_record
TN:
SF:helper\bcrypt.js
FN:3,generatePassword
FN:9,comparePassword
FNF:2
FNH:2
FNDA:4,generatePassword
FNDA:2,comparePassword
DA:1,2
DA:4,4
DA:5,4
DA:6,4
DA:10,2
DA:13,2
LF:6
LH:6
BRF:0
BRH:0
end_of_record
TN:
SF:helper\googleOauth.js
FNF:0
FNH:0
LF:0
LH:0
BRF:0
BRH:0
end_of_record
TN:
SF:helper\jwt.js
FN:3,generateToken
FN:7,verifyToken
FNF:2
FNH:2
FNDA:3,generateToken
FNDA:3,verifyToken
DA:1,2
DA:4,3
DA:8,3
DA:11,2
LF:4
LH:4
BRF:0
BRH:0
end_of_record
TN:
SF:middlewares\AuthoAuthen.js
FN:8,(anonymous_0)
FN:14,(anonymous_1)
FNF:2
FNH:2
FNDA:3,(anonymous_0)
FNDA:2,(anonymous_1)
DA:1,2
DA:2,2
DA:9,3
DA:10,3
DA:11,3
DA:12,2
DA:13,2
DA:15,2
DA:16,2
DA:19,1
DA:20,1
DA:26,2
LF:12
LH:12
BRDA:19,0,0,1
BRDA:19,0,1,0
BRF:2
BRH:1
end_of_record
TN:
SF:model\Documentation.js
FNF:0
FNH:0
DA:1,2
DA:3,2
DA:14,2
LF:3
LH:3
BRF:0
BRH:0
end_of_record
TN:
SF:model\User.js
FN:28,(anonymous_0)
FNF:1
FNH:1
FNDA:4,(anonymous_0)
DA:1,2
DA:2,2
DA:3,2
DA:5,2
DA:28,2
DA:29,4
DA:30,4
DA:31,4
DA:34,2
DA:36,2
LF:10
LH:10
BRF:0
BRH:0
end_of_record
TN:
SF:router\dialogflow.js
FNF:0
FNH:0
DA:1,2
DA:2,2
DA:3,2
DA:4,2
DA:6,2
DA:7,2
DA:8,2
DA:9,2
DA:10,2
LF:9
LH:9
BRF:0
BRH:0
end_of_record
TN:
SF:router\index.js
FNF:0
FNH:0
DA:1,2
DA:2,2
DA:3,2
DA:5,2
DA:6,2
DA:8,2
LF:6
LH:6
BRF:0
BRH:0
end_of_record
TN:
SF:router\user.js
FNF:0
FNH:0
DA:1,2
DA:2,2
DA:4,2
DA:5,2
DA:8,2
LF:5
LH:5
BRF:0
BRH:0
end_of_record
