TN:
SF:app.js
FNF:0
FNH:0
DA:1,2
DA:2,2
DA:3,2
DA:4,2
DA:5,2
DA:6,2
DA:8,2
DA:10,2
DA:11,2
DA:12,2
DA:13,2
DA:15,2
LF:12
LH:12
BRF:0
BRH:0
end_of_record
TN:
SF:controller\dialogflowController.js
FN:10,(anonymous_0)
FNF:1
FNH:1
FNDA:2,(anonymous_0)
DA:1,2
DA:2,2
DA:3,2
DA:4,2
DA:5,2
DA:6,2
DA:7,2
DA:11,2
DA:12,2
DA:14,2
DA:24,2
DA:25,1
DA:26,1
DA:29,1
DA:30,0
DA:32,1
DA:35,1
DA:40,2
LF:18
LH:17
BRDA:29,0,0,0
BRDA:29,0,1,1
BRF:2
BRH:1
end_of_record
TN:
SF:controller\userController.js
FN:7,(anonymous_0)
FN:37,(anonymous_1)
FN:96,(anonymous_2)
FNF:3
FNH:2
FNDA:3,(anonymous_0)
FNDA:10,(anonymous_1)
FNDA:0,(anonymous_2)
DA:1,2
DA:2,2
DA:3,2
DA:4,2
DA:8,3
DA:9,3
DA:10,3
DA:11,3
DA:12,1
DA:14,3
DA:15,1
DA:17,2
DA:18,2
DA:19,1
DA:24,1
DA:26,1
DA:29,1
DA:30,1
DA:32,0
DA:38,10
DA:39,10
DA:40,10
DA:46,10
DA:47,1
DA:49,9
DA:50,2
DA:55,2
DA:57,8
DA:58,2
DA:59,1
DA:60,1
DA:61,1
DA:63,6
DA:64,5
DA:65,2
DA:66,2
DA:67,1
DA:69,2
DA:70,1
DA:74,3
DA:75,2
DA:76,2
DA:77,1
DA:79,2
DA:80,1
DA:82,1
DA:83,1
DA:84,1
DA:85,1
DA:88,1
DA:89,1
DA:91,0
DA:97,0
DA:99,0
DA:100,0
DA:101,0
DA:102,0
DA:103,0
DA:104,0
DA:105,0
DA:106,0
DA:108,0
DA:114,0
DA:115,0
DA:120,0
DA:123,0
DA:128,2
LF:67
LH:51
BRDA:11,0,0,1
BRDA:11,0,1,2
BRDA:14,1,0,1
BRDA:14,1,1,2
BRDA:18,2,0,1
BRDA:18,2,1,1
BRDA:29,3,0,1
BRDA:29,3,1,0
BRDA:46,4,0,1
BRDA:46,4,1,9
BRDA:57,5,0,2
BRDA:57,5,1,6
BRDA:58,6,0,1
BRDA:58,6,1,1
BRDA:60,7,0,1
BRDA:60,7,1,0
BRDA:63,8,0,5
BRDA:63,8,1,1
BRDA:64,9,0,2
BRDA:64,9,1,3
BRDA:66,10,0,1
BRDA:66,10,1,1
BRDA:69,11,0,1
BRDA:69,11,1,1
BRDA:74,12,0,2
BRDA:74,12,1,1
BRDA:76,13,0,1
BRDA:76,13,1,1
BRDA:79,14,0,1
BRDA:79,14,1,1
BRDA:82,15,0,1
BRDA:82,15,1,0
BRDA:84,16,0,1
BRDA:84,16,1,0
BRDA:88,17,0,1
BRDA:88,17,1,0
BRDA:103,18,0,0
BRDA:103,18,1,0
BRF:38
BRH:31
end_of_record
TN:
SF:helper\bcrypt.js
FN:3,generatePassword
FN:9,comparePassword
FNF:2
FNH:2
FNDA:4,generatePassword
FNDA:2,comparePassword
DA:1,2
DA:4,4
DA:5,4
DA:6,4
DA:10,2
DA:13,2
LF:6
LH:6
BRF:0
BRH:0
end_of_record
TN:
SF:helper\googleOauth.js
FN:1,verificationToken
FN:5,(anonymous_1)
FN:6,verify
FNF:3
FNH:0
FNDA:0,verificationToken
FNDA:0,(anonymous_1)
FNDA:0,verify
DA:2,0
DA:3,0
DA:5,0
DA:7,0
DA:11,0
DA:12,0
DA:14,0
DA:18,2
LF:8
LH:1
BRF:0
BRH:0
end_of_record
TN:
SF:helper\jwt.js
FN:3,generateToken
FN:7,verifyToken
FNF:2
FNH:2
FNDA:3,generateToken
FNDA:3,verifyToken
DA:1,2
DA:4,3
DA:8,3
DA:11,2
LF:4
LH:4
BRF:0
BRH:0
end_of_record
TN:
SF:middlewares\AuthoAuthen.js
FN:8,(anonymous_0)
FN:14,(anonymous_1)
FNF:2
FNH:2
FNDA:3,(anonymous_0)
FNDA:2,(anonymous_1)
DA:1,2
DA:2,2
DA:9,3
DA:10,3
DA:11,3
DA:12,2
DA:13,2
DA:15,2
DA:16,2
DA:19,1
DA:20,1
DA:26,2
LF:12
LH:12
BRDA:19,0,0,1
BRDA:19,0,1,0
BRF:2
BRH:1
end_of_record
TN:
SF:model\Documentation.js
FNF:0
FNH:0
DA:1,2
DA:3,2
DA:14,2
LF:3
LH:3
BRF:0
BRH:0
end_of_record
TN:
SF:model\User.js
FN:28,(anonymous_0)
FNF:1
FNH:1
FNDA:4,(anonymous_0)
DA:1,2
DA:2,2
DA:3,2
DA:5,2
DA:28,2
DA:29,4
DA:30,4
DA:31,4
DA:34,2
DA:36,2
LF:10
LH:10
BRF:0
BRH:0
end_of_record
TN:
SF:router\dialogflow.js
FNF:0
FNH:0
DA:1,2
DA:2,2
DA:3,2
DA:4,2
DA:6,2
DA:7,2
DA:9,2
LF:7
LH:7
BRF:0
BRH:0
end_of_record
TN:
SF:router\index.js
FNF:0
FNH:0
DA:1,2
DA:2,2
DA:3,2
DA:5,2
DA:6,2
DA:8,2
LF:6
LH:6
BRF:0
BRH:0
end_of_record
TN:
SF:router\user.js
FNF:0
FNH:0
DA:1,2
DA:2,2
DA:4,2
DA:5,2
DA:6,2
DA:8,2
LF:6
LH:6
BRF:0
BRH:0
end_of_record
